# JRE version: OpenJDK Runtime Environment (11.0.2+9) (build 11.0.2+9)
# Java VM: OpenJDK 64-Bit Server VM (11.0.2+9, mixed mode, tiered, compressed oops, g1 gc, windows-amd64)
Heap:
 garbage-first heap   total 155648K, used 76325K [0x0000000083600000, 0x0000000100000000)
  region size 1024K, 72 young (73728K), 8 survivors (8192K)
 Metaspace       used 42954K, capacity 44029K, committed 44160K, reserved 1087488K
  class space    used 4988K, capacity 5427K, committed 5504K, reserved 1048576K
GC Heap History (10 events):
Event: 0.562 GC heap before
{Heap before GC invocations=0 (full 0):
 garbage-first heap   total 129024K, used 22528K [0x0000000083600000, 0x0000000100000000)
  region size 1024K, 22 young (22528K), 0 survivors (0K)
 Metaspace       used 11758K, capacity 12018K, committed 12288K, reserved 1060864K
  class space    used 1162K, capacity 1252K, committed 1280K, reserved 1048576K
}
Event: 0.569 GC heap after
{Heap after GC invocations=1 (full 0):
 garbage-first heap   total 129024K, used 4386K [0x0000000083600000, 0x0000000100000000)
  region size 1024K, 3 young (3072K), 3 survivors (3072K)
 Metaspace       used 11758K, capacity 12018K, committed 12288K, reserved 1060864K
  class space    used 1162K, capacity 1252K, committed 1280K, reserved 1048576K
}
Event: 0.841 GC heap before
{Heap before GC invocations=1 (full 0):
 garbage-first heap   total 129024K, used 20770K [0x0000000083600000, 0x0000000100000000)
  region size 1024K, 19 young (19456K), 3 survivors (3072K)
 Metaspace       used 15994K, capacity 16480K, committed 16512K, reserved 1064960K
  class space    used 1708K, capacity 1896K, committed 1920K, reserved 1048576K
}
Event: 0.848 GC heap after
{Heap after GC invocations=2 (full 0):
 garbage-first heap   total 129024K, used 5678K [0x0000000083600000, 0x0000000100000000)
  region size 1024K, 2 young (2048K), 2 survivors (2048K)
 Metaspace       used 15994K, capacity 16480K, committed 16512K, reserved 1064960K
  class space    used 1708K, capacity 1896K, committed 1920K, reserved 1048576K
}
Event: 1.291 GC heap before
{Heap before GC invocations=2 (full 0):
 garbage-first heap   total 129024K, used 27182K [0x0000000083600000, 0x0000000100000000)
  region size 1024K, 24 young (24576K), 2 survivors (2048K)
 Metaspace       used 20569K, capacity 21089K, committed 21248K, reserved 1069056K
  class space    used 2216K, capacity 2434K, committed 2560K, reserved 1048576K
}
Event: 1.294 GC heap after
{Heap after GC invocations=3 (full 0):
 garbage-first heap   total 129024K, used 6233K [0x0000000083600000, 0x0000000100000000)
  region size 1024K, 2 young (2048K), 2 survivors (2048K)
 Metaspace       used 20569K, capacity 21089K, committed 21248K, reserved 1069056K
  class space    used 2216K, capacity 2434K, committed 2560K, reserved 1048576K
}
Event: 2.645 GC heap before
{Heap before GC invocations=4 (full 0):
 garbage-first heap   total 129024K, used 66649K [0x0000000083600000, 0x0000000100000000)
  region size 1024K, 61 young (62464K), 2 survivors (2048K)
 Metaspace       used 28881K, capacity 29566K, committed 29696K, reserved 1075200K
  class space    used 3287K, capacity 3569K, committed 3584K, reserved 1048576K
}
Event: 2.651 GC heap after
{Heap after GC invocations=5 (full 0):
 garbage-first heap   total 129024K, used 9126K [0x0000000083600000, 0x0000000100000000)
  region size 1024K, 5 young (5120K), 5 survivors (5120K)
 Metaspace       used 28881K, capacity 29566K, committed 29696K, reserved 1075200K
  class space    used 3287K, capacity 3569K, committed 3584K, reserved 1048576K
}
Event: 3.603 GC heap before
{Heap before GC invocations=5 (full 0):
 garbage-first heap   total 129024K, used 40870K [0x0000000083600000, 0x0000000100000000)
  region size 1024K, 37 young (37888K), 5 survivors (5120K)
 Metaspace       used 34867K, capacity 35722K, committed 35840K, reserved 1081344K
  class space    used 3981K, capacity 4330K, committed 4352K, reserved 1048576K
}
Event: 3.613 GC heap after
{Heap after GC invocations=6 (full 0):
 garbage-first heap   total 155648K, used 11813K [0x0000000083600000, 0x0000000100000000)
  region size 1024K, 8 young (8192K), 8 survivors (8192K)
 Metaspace       used 34867K, capacity 35722K, committed 35840K, reserved 1081344K
  class space    used 3981K, capacity 4330K, committed 4352K, reserved 1048576K
}

