# JRE version: OpenJDK Runtime Environment (11.0.2+9) (build 11.0.2+9)
# Java VM: OpenJDK 64-Bit Server VM (11.0.2+9, mixed mode, tiered, compressed oops, g1 gc, windows-amd64)
Heap:
 garbage-first heap   total 187392K, used 34506K [0x0000000083600000, 0x0000000100000000)
  region size 1024K, 15 young (15360K), 9 survivors (9216K)
 Metaspace       used 70242K, capacity 72036K, committed 72268K, reserved 1112064K
  class space    used 8785K, capacity 9491K, committed 9548K, reserved 1048576K
GC Heap History (10 events):
Event: 2.881 GC heap before
{Heap before GC invocations=8 (full 0):
 garbage-first heap   total 155648K, used 96385K [0x0000000083600000, 0x0000000100000000)
  region size 1024K, 89 young (91136K), 8 survivors (8192K)
 Metaspace       used 39569K, capacity 40695K, committed 40960K, reserved 1085440K
  class space    used 4649K, capacity 5065K, committed 5120K, reserved 1048576K
}
Event: 2.887 GC heap after
{Heap after GC invocations=9 (full 0):
 garbage-first heap   total 155648K, used 16931K [0x0000000083600000, 0x0000000100000000)
  region size 1024K, 9 young (9216K), 9 survivors (9216K)
 Metaspace       used 39569K, capacity 40695K, committed 40960K, reserved 1085440K
  class space    used 4649K, capacity 5065K, committed 5120K, reserved 1048576K
}
Event: 3.941 GC heap before
{Heap before GC invocations=9 (full 0):
 garbage-first heap   total 155648K, used 100899K [0x0000000083600000, 0x0000000100000000)
  region size 1024K, 91 young (93184K), 9 survivors (9216K)
 Metaspace       used 55678K, capacity 56915K, committed 57088K, reserved 1099776K
  class space    used 6828K, capacity 7326K, committed 7424K, reserved 1048576K
}
Event: 3.950 GC heap after
{Heap after GC invocations=10 (full 0):
 garbage-first heap   total 155648K, used 21285K [0x0000000083600000, 0x0000000100000000)
  region size 1024K, 9 young (9216K), 9 survivors (9216K)
 Metaspace       used 55678K, capacity 56915K, committed 57088K, reserved 1099776K
  class space    used 6828K, capacity 7326K, committed 7424K, reserved 1048576K
}
Event: 4.206 GC heap before
{Heap before GC invocations=10 (full 0):
 garbage-first heap   total 155648K, used 48933K [0x0000000083600000, 0x0000000100000000)
  region size 1024K, 37 young (37888K), 9 survivors (9216K)
 Metaspace       used 58869K, capacity 60147K, committed 60160K, reserved 1101824K
  class space    used 7406K, capacity 7929K, committed 7936K, reserved 1048576K
}
Event: 4.211 GC heap after
{Heap after GC invocations=11 (full 0):
 garbage-first heap   total 187392K, used 21963K [0x0000000083600000, 0x0000000100000000)
  region size 1024K, 6 young (6144K), 6 survivors (6144K)
 Metaspace       used 58869K, capacity 60147K, committed 60160K, reserved 1101824K
  class space    used 7406K, capacity 7929K, committed 7936K, reserved 1048576K
}
Event: 3537.963 GC heap before
{Heap before GC invocations=12 (full 0):
 garbage-first heap   total 187392K, used 127435K [0x0000000083600000, 0x0000000100000000)
  region size 1024K, 109 young (111616K), 6 survivors (6144K)
 Metaspace       used 69832K, capacity 71649K, committed 71756K, reserved 1112064K
  class space    used 8784K, capacity 9491K, committed 9548K, reserved 1048576K
}
Event: 3538.027 GC heap after
{Heap after GC invocations=13 (full 0):
 garbage-first heap   total 187392K, used 26817K [0x0000000083600000, 0x0000000100000000)
  region size 1024K, 10 young (10240K), 10 survivors (10240K)
 Metaspace       used 69832K, capacity 71649K, committed 71756K, reserved 1112064K
  class space    used 8784K, capacity 9491K, committed 9548K, reserved 1048576K
}
Event: 17772.318 GC heap before
{Heap before GC invocations=13 (full 0):
 garbage-first heap   total 187392K, used 128193K [0x0000000083600000, 0x0000000100000000)
  region size 1024K, 109 young (111616K), 10 survivors (10240K)
 Metaspace       used 70233K, capacity 72036K, committed 72268K, reserved 1112064K
  class space    used 8785K, capacity 9491K, committed 9548K, reserved 1048576K
}
Event: 17772.366 GC heap after
{Heap after GC invocations=14 (full 0):
 garbage-first heap   total 187392K, used 29386K [0x0000000083600000, 0x0000000100000000)
  region size 1024K, 9 young (9216K), 9 survivors (9216K)
 Metaspace       used 70233K, capacity 72036K, committed 72268K, reserved 1112064K
  class space    used 8785K, capacity 9491K, committed 9548K, reserved 1048576K
}

